
=== Tue Dec  7 22:29:01 2021

Packages were changed.
Update Mode: updateDependencies

The following packages were added:
  com.unity.ide.visualstudio@2.0.11
The following packages were updated:
  com.unity.2d.psdimporter from version 2.1.5 to 4.1.2
  com.unity.ads from version 3.4.9 to 3.7.5
  com.unity.analytics from version 3.3.5 to 3.6.11
  com.unity.ide.rider from version 1.1.4 to 2.0.7
  com.unity.ide.vscode from version 1.2.1 to 1.2.4
  com.unity.purchasing from version 2.0.6 to 4.0.3
  com.unity.test-framework from version 1.1.16 to 1.1.29
  com.unity.textmeshpro from version 2.1.1 to 3.0.6
  com.unity.xr.legacyinputhelpers from version 2.1.4 to 2.1.8

=== Sun Dec 26 20:59:41 2021

Packages were changed.
Update Mode: updateDependencies

The following packages were updated:
  com.unity.analytics from version 3.6.11 to 3.6.12
  com.unity.ide.visualstudio from version 2.0.11 to 2.0.12
